Arguments: 
  /usr/local/Cellar/node/11.12.0/bin/node /usr/local/Cellar/yarn/1.15.2/libexec/bin/yarn.js

PATH: 
  /Users/zhenyu/anaconda3/bin:/Library/Frameworks/Python.framework/Versions/3.7/bin:/usr/local/bin:/usr/bin:/bin:/usr/sbin:/sbin

Yarn version: 
  1.15.2

Node version: 
  11.12.0

Platform: 
  darwin x64

Trace: 
  Error: https://github.com/expo/react-native/archive/sdk-32.0.0.tar.gz: unexpected end of file
      at Zlib.zlibOnError [as onerror] (zlib.js:162:17)

npm manifest: 
  {
    "main": "node_modules/expo/AppEntry.js",
    "scripts": {
      "start": "expo start",
      "android": "expo start --android",
      "ios": "expo start --ios",
      "eject": "expo eject",
      "test": "node ./node_modules/jest/bin/jest.js --watchAll"
    },
    "jest": {
      "preset": "jest-expo"
    },
    "dependencies": {
      "@ant-design/react-native": "^3.1.3",
      "@expo/samples": "2.1.1",
      "bangumi-data": "^0.2.50",
      "deepmerge": "^3.2.0",
      "expo": "^32.0.0",
      "htmlparser2": "^3.10.1",
      "mobx": "^4.9.2",
      "mobx-react": "^5.4.3",
      "prop-types": "^15.7.2",
      "react": "16.5.0",
      "react-native": "https://github.com/expo/react-native/archive/sdk-32.0.0.tar.gz",
      "react-native-expo-image-cache": "^3.2.0",
      "react-native-modal-popover": "0.0.12",
      "react-native-paper": "^2.15.2",
      "react-native-render-html": "4.1.1",
      "react-navigation": "^3.0.9",
      "react-navigation-drawer": "^1.2.1",
      "react-navigation-material-bottom-tabs": "^1.0.0",
      "react-navigation-tabs": "1.0.2"
    },
    "devDependencies": {
      "babel-eslint": "^10.0.1",
      "babel-plugin-module-resolver": "^3.2.0",
      "babel-preset-expo": "^5.0.0",
      "eslint": "^5.15.1",
      "eslint-config-airbnb": "^17.1.0",
      "eslint-loader": "^2.1.2",
      "eslint-plugin-babel": "^5.3.0",
      "eslint-plugin-import": "^2.16.0",
      "eslint-plugin-jsx-a11y": "^6.2.1",
      "eslint-plugin-react": "^7.12.4",
      "jest-expo": "^32.0.0"
    },
    "private": true
  }

yarn manifest: 
  No manifest

Lockfile: 
  No lockfile
